Program(Func(solve:PROC)params{

}local_defs{
  
Func(hanoi:PROC)params{
    

    

    

    

}local_defs{
    
Func(move:PROC)params{
      

      

}local_defs{

}{
      
call(writeString){"Moving from "}
      
call(writeString){id(source)}
      
call(writeString){" to "}
      
call(writeString){id(target)}
      
call(writeString){".\n"}
}
}{
    
If(gr.hua.dit.it22023_it22121.abstract_syntax_tree.conditional.BinCondition@1c20c684){
      
call(hanoi){op(gr.hua.dit.it22023_it22121.abstract_syntax_tree.Id@19469ea2,gr.hua.dit.it22023_it22121.abstract_syntax_tree.literal.Num@13221655),id(source),id(auxiliary),id(target)}
      
call(move){id(source),id(target)}
      
call(hanoi){op(gr.hua.dit.it22023_it22121.abstract_syntax_tree.Id@2f2c9b19,gr.hua.dit.it22023_it22121.abstract_syntax_tree.literal.Num@31befd9f),id(auxiliary),id(target),id(source)}
}
}
  

}{
  
call(writeString){"Rings: "}
  
Assignment(gr.hua.dit.it22023_it22121.abstract_syntax_tree.Id@1218025c = gr.hua.dit.it22023_it22121.abstract_syntax_tree.FunctionCall@816f27d)
  
call(hanoi){id(NumberOfRings),"left", "right", "middle"}
})
