Program(Func(main:PROC)params{

}local_defs{
  
Func(bsort:PROC)params{
    

    

}local_defs{
    
Func(swap:PROC)params{
      

      

}local_defs{
      

}{
      
Assignment(gr.hua.dit.it22023_it22121.abstract_syntax_tree.Id@1b28cdfa = gr.hua.dit.it22023_it22121.abstract_syntax_tree.Id@eed1f14)
      
Assignment(gr.hua.dit.it22023_it22121.abstract_syntax_tree.Id@7229724f = gr.hua.dit.it22023_it22121.abstract_syntax_tree.Id@4c873330)
      
Assignment(gr.hua.dit.it22023_it22121.abstract_syntax_tree.Id@119d7047 = gr.hua.dit.it22023_it22121.abstract_syntax_tree.Id@776ec8df)
}
    

    

}{
    
Assignment(gr.hua.dit.it22023_it22121.abstract_syntax_tree.Id@4eec7777 = gr.hua.dit.it22023_it22121.abstract_syntax_tree.literal.CharLiteral@3b07d329)
    
While(gr.hua.dit.it22023_it22121.abstract_syntax_tree.conditional.BinCondition@568db2f2){
      
Assignment(gr.hua.dit.it22023_it22121.abstract_syntax_tree.Id@41629346 = gr.hua.dit.it22023_it22121.abstract_syntax_tree.literal.CharLiteral@404b9385)
      
Assignment(gr.hua.dit.it22023_it22121.abstract_syntax_tree.Id@6d311334 = gr.hua.dit.it22023_it22121.abstract_syntax_tree.literal.Num@682a0b20)
      
While(gr.hua.dit.it22023_it22121.abstract_syntax_tree.conditional.BinCondition@6d03e736){
        
If(gr.hua.dit.it22023_it22121.abstract_syntax_tree.conditional.BinCondition@3b9a45b3){
          
call(swap){x[gr.hua.dit.it22023_it22121.abstract_syntax_tree.Id@3d075dc0],x[gr.hua.dit.it22023_it22121.abstract_syntax_tree.Id@214c265e+gr.hua.dit.it22023_it22121.abstract_syntax_tree.literal.Num@448139f0]}
          
Assignment(gr.hua.dit.it22023_it22121.abstract_syntax_tree.Id@7cca494b = gr.hua.dit.it22023_it22121.abstract_syntax_tree.literal.CharLiteral@7ba4f24f)
}
        
Assignment(gr.hua.dit.it22023_it22121.abstract_syntax_tree.Id@7699a589 = gr.hua.dit.it22023_it22121.abstract_syntax_tree.Id@58372a00+gr.hua.dit.it22023_it22121.abstract_syntax_tree.literal.Num@4dd8dc3)
}
}
}
  
Func(writeArray:PROC)params{
    

    

    

}local_defs{
    

}{
    
call(writeString){id(msg)}
    
Assignment(gr.hua.dit.it22023_it22121.abstract_syntax_tree.Id@378bf509 = gr.hua.dit.it22023_it22121.abstract_syntax_tree.literal.Num@5fd0d5ae)
    
While(gr.hua.dit.it22023_it22121.abstract_syntax_tree.conditional.BinCondition@7b23ec81){
      
If(gr.hua.dit.it22023_it22121.abstract_syntax_tree.conditional.BinCondition@2d98a335){gr.hua.dit.it22023_it22121.abstract_syntax_tree.FunctionCall@16b98e56}
      
call(writeInteger){x[gr.hua.dit.it22023_it22121.abstract_syntax_tree.Id@7ef20235]}
      
Assignment(gr.hua.dit.it22023_it22121.abstract_syntax_tree.Id@27d6c5e0 = gr.hua.dit.it22023_it22121.abstract_syntax_tree.Id@4f3f5b24+gr.hua.dit.it22023_it22121.abstract_syntax_tree.literal.Num@15aeb7ab)
}
    
call(writeString){"\n"}
}
  

  

  

}{
  
Assignment(gr.hua.dit.it22023_it22121.abstract_syntax_tree.Id@6acbcfc0 = gr.hua.dit.it22023_it22121.abstract_syntax_tree.literal.Num@5f184fc6)
  
Assignment(gr.hua.dit.it22023_it22121.abstract_syntax_tree.Id@3feba861 = gr.hua.dit.it22023_it22121.abstract_syntax_tree.literal.Num@5b480cf9)
  
While(gr.hua.dit.it22023_it22121.abstract_syntax_tree.conditional.BinCondition@12edcd21){
    
Assignment(gr.hua.dit.it22023_it22121.abstract_syntax_tree.Id@6f496d9f = gr.hua.dit.it22023_it22121.abstract_syntax_tree.Id@723279cf*gr.hua.dit.it22023_it22121.abstract_syntax_tree.literal.Num@10f87f48+gr.hua.dit.it22023_it22121.abstract_syntax_tree.literal.Num@b4c966a+gr.hua.dit.it22023_it22121.abstract_syntax_tree.Id@2f4d3709%gr.hua.dit.it22023_it22121.abstract_syntax_tree.literal.Num@4e50df2e)
    
x[gr.hua.dit.it22023_it22121.abstract_syntax_tree.Id@1d81eb93] = gr.hua.dit.it22023_it22121.abstract_syntax_tree.Id@7291c18f
    
Assignment(gr.hua.dit.it22023_it22121.abstract_syntax_tree.Id@34a245ab = gr.hua.dit.it22023_it22121.abstract_syntax_tree.Id@7cc355be+gr.hua.dit.it22023_it22121.abstract_syntax_tree.literal.Num@6e8cf4c6)
}
  
call(writeArray){"Initial array:",16,id(x)}
  
call(bsort){16,id(x)}
  
call(writeArray){"Sorted array:",16,id(x)}
})
